INFO [2021-01-26 16:10:42] $x
INFO [2021-01-26 16:10:42] all
INFO [2021-01-26 16:10:42] 
INFO [2021-01-26 16:10:42] $filename
INFO [2021-01-26 16:10:42] [1] "datasets/output/venn_diagram.png"
INFO [2021-01-26 16:10:42] 
INFO [2021-01-26 16:10:42] $output
INFO [2021-01-26 16:10:42] [1] TRUE
INFO [2021-01-26 16:10:42] 
INFO [2021-01-26 16:10:42] $imagetype
INFO [2021-01-26 16:10:42] [1] "png"
INFO [2021-01-26 16:10:42] 
INFO [2021-01-26 16:10:42] $resolution
INFO [2021-01-26 16:10:42] [1] 300
INFO [2021-01-26 16:10:42] 
INFO [2021-01-26 16:10:42] $compression
INFO [2021-01-26 16:10:42] [1] "lzw"
INFO [2021-01-26 16:10:42] 
INFO [2021-01-26 16:10:42] $lwd
INFO [2021-01-26 16:10:42] [1] 0.6
INFO [2021-01-26 16:10:42] 
INFO [2021-01-26 16:10:42] $lty
INFO [2021-01-26 16:10:42] [1] 1
INFO [2021-01-26 16:10:42] 
INFO [2021-01-26 16:10:42] $fill
INFO [2021-01-26 16:10:42] maize_pal("HighlandMAGIC", 5)
INFO [2021-01-26 16:10:42] 
INFO [2021-01-26 16:10:42] $cex
INFO [2021-01-26 16:10:42] [1] 1.2
INFO [2021-01-26 16:10:42] 
INFO [2021-01-26 16:10:42] $fontface
INFO [2021-01-26 16:10:42] [1] "bold"
INFO [2021-01-26 16:10:42] 
INFO [2021-01-26 16:10:42] $fontfamily
INFO [2021-01-26 16:10:42] [1] "sans"
INFO [2021-01-26 16:10:42] 
INFO [2021-01-26 16:10:42] $cat.cex
INFO [2021-01-26 16:10:42] [1] 0.8
INFO [2021-01-26 16:10:42] 
INFO [2021-01-26 16:10:42] $cat.fontface
INFO [2021-01-26 16:10:42] [1] "bold"
INFO [2021-01-26 16:10:42] 
INFO [2021-01-26 16:10:42] $cat.default.pos
INFO [2021-01-26 16:10:42] [1] "outer"
INFO [2021-01-26 16:10:42] 
INFO [2021-01-26 16:10:42] $cat.fontfamily
INFO [2021-01-26 16:10:42] [1] "sans"
INFO [2021-01-26 16:10:42] 
INFO [2021-01-26 16:10:42] $margin
INFO [2021-01-26 16:10:42] [1] 0.2
INFO [2021-01-26 16:10:42] 
